[2019-09-19 05:05:41.969] [renderer1] [error] <semantic> TypeScript Server Error (3.6.2)
Cannot read property 'length' of undefined
TypeError: Cannot read property 'length' of undefined
    at Object.find (tsserver.js:385:35)
    at getReferencedSymbolsForModuleIfDeclaredBySourceFile (tsserver.js:105629:78)
    at Object.getReferencedSymbolsForNode (tsserver.js:105607:40)
    at Object.getReferenceEntriesForNode (tsserver.js:105341:58)
    at getSemanticDocumentHighlights (tsserver.js:104031:57)
    at Object.getDocumentHighlights (tsserver.js:104019:20)
    at Object.getDocumentHighlights (tsserver.js:125577:42)
    at IOSession.Session.getDocumentHighlights (tsserver.js:134328:71)
    at Session.handlers.ts.createMapFromTemplate._a.(anonymous function) (tsserver.js:133752:61)
    at tsserver.js:135178:88
    at IOSession.Session.executeWithRequestId (tsserver.js:135169:28)
    at IOSession.Session.executeCommand (tsserver.js:135178:33)
    at IOSession.Session.onMessage (tsserver.js:135201:35)
    at Interface.<anonymous> (tsserver.js:136516:27)
    at Interface.emit (events.js:182:13)
    at Interface._onLine (readline.js:290:10)
    at Interface._normalWrite (readline.js:433:12)
    at Socket.ondata (readline.js:149:10)
    at Socket.emit (events.js:182:13)
    at addChunk (_stream_readable.js:283:12)
    at readableAddChunk (_stream_readable.js:264:11)
    at Socket.Readable.push (_stream_readable.js:219:10)
    at Pipe.onStreamRead [as onread] (internal/stream_base_commons.js:94:17): Error: <semantic> TypeScript Server Error (3.6.2)
Cannot read property 'length' of undefined
TypeError: Cannot read property 'length' of undefined
    at Object.find (tsserver.js:385:35)
    at getReferencedSymbolsForModuleIfDeclaredBySourceFile (tsserver.js:105629:78)
    at Object.getReferencedSymbolsForNode (tsserver.js:105607:40)
    at Object.getReferenceEntriesForNode (tsserver.js:105341:58)
    at getSemanticDocumentHighlights (tsserver.js:104031:57)
    at Object.getDocumentHighlights (tsserver.js:104019:20)
    at Object.getDocumentHighlights (tsserver.js:125577:42)
    at IOSession.Session.getDocumentHighlights (tsserver.js:134328:71)
    at Session.handlers.ts.createMapFromTemplate._a.(anonymous function) (tsserver.js:133752:61)
    at tsserver.js:135178:88
    at IOSession.Session.executeWithRequestId (tsserver.js:135169:28)
    at IOSession.Session.executeCommand (tsserver.js:135178:33)
    at IOSession.Session.onMessage (tsserver.js:135201:35)
    at Interface.<anonymous> (tsserver.js:136516:27)
    at Interface.emit (events.js:182:13)
    at Interface._onLine (readline.js:290:10)
    at Interface._normalWrite (readline.js:433:12)
    at Socket.ondata (readline.js:149:10)
    at Socket.emit (events.js:182:13)
    at addChunk (_stream_readable.js:283:12)
    at readableAddChunk (_stream_readable.js:264:11)
    at Socket.Readable.push (_stream_readable.js:219:10)
    at Pipe.onStreamRead [as onread] (internal/stream_base_commons.js:94:17)
	at Function.create (/usr/share/code/resources/app/extensions/typescript-language-features/dist/extension.js:53:63463)
	at h.dispatchResponse (/usr/share/code/resources/app/extensions/typescript-language-features/dist/extension.js:53:56618)
	at h.dispatchMessage (/usr/share/code/resources/app/extensions/typescript-language-features/dist/extension.js:53:55516)
	at constructor._reader.onData.e (/usr/share/code/resources/app/extensions/typescript-language-features/dist/extension.js:53:54992)
	at u.fire (/usr/share/code/resources/app/out/vs/workbench/services/extensions/node/extensionHostProcess.js:50:207)
	at t.Reader.onLengthData (/usr/share/code/resources/app/extensions/typescript-language-features/dist/extension.js:53:61683)
	at Socket.t.Reader.constructor.e.on.e (/usr/share/code/resources/app/extensions/typescript-language-features/dist/extension.js:53:61331)
	at Socket.emit (events.js:182:13)
	at addChunk (_stream_readable.js:283:12)
	at readableAddChunk (_stream_readable.js:264:11)
	at Socket.Readable.push (_stream_readable.js:219:10)
	at Pipe.onStreamRead [as onread] (internal/stream_base_commons.js:94:17)
